00920778 02533109 02745713 
00669970 00786458 01112584 02531625 
